<?xml version="1.0" encoding="UTF-8"?>
<!-- Generated by org.testng.reporters.JUnitXMLReporter -->
<testsuite hostname="ADMIN-PC" ignored="0" name="Test" tests="7" failures="1" timestamp="16 Apr 2019 08:30:33 GMT" time="175.131" errors="0">
  <testcase name="Register" time="13.565" classname="Store.RegisterToStoreTest"/>
  <testcase name="ProductSelectTest12" time="5.748" classname="Store.ProductSelectTest"/>
  <testcase name="ProductSelectTest12" time="7.202" classname="Store.ProductSelectTest"/>
  <testcase name="ProductSelectTest12" time="10.083" classname="Store.ProductSelectTest"/>
  <testcase name="UserDetails" time="0.01" classname="Store.ProductSelectTest"/>
  <testcase name="selectedAddToCart" time="40.721" classname="Store.ProductSelectTest"/>
  <testcase name="AvactisAdminLogin" time="35.038" classname="Admin.AdminLoginTest">
    <failure type="org.openqa.selenium.NoSuchSessionException" message="Session ID is null. Using WebDriver after calling quit()?
Build info: version: &amp;apos;3.141.59&amp;apos;, revision: &amp;apos;e82be7d358&amp;apos;, time: &amp;apos;2018-11-14T08:17:03&amp;apos;
System info: host: &amp;apos;ADMIN-PC&amp;apos;, ip: &amp;apos;192.168.43.65&amp;apos;, os.name: &amp;apos;Windows 7&amp;apos;, os.arch: &amp;apos;amd64&amp;apos;, os.version: &amp;apos;6.1&amp;apos;, java.version: &amp;apos;1.8.0_151&amp;apos;
Driver info: driver.version: RemoteWebDriver">
      <![CDATA[org.openqa.selenium.NoSuchSessionException: Session ID is null. Using WebDriver after calling quit()?
Build info: version: '3.141.59', revision: 'e82be7d358', time: '2018-11-14T08:17:03'
System info: host: 'ADMIN-PC', ip: '192.168.43.65', os.name: 'Windows 7', os.arch: 'amd64', os.version: '6.1', java.version: '1.8.0_151'
Driver info: driver.version: RemoteWebDriver
at org.openqa.selenium.remote.HttpCommandExecutor.execute(HttpCommandExecutor.java:125)
at org.openqa.selenium.remote.service.DriverCommandExecutor.execute(DriverCommandExecutor.java:83)
at org.openqa.selenium.remote.RemoteWebDriver.execute(RemoteWebDriver.java:552)
at org.openqa.selenium.remote.RemoteWebDriver.findElement(RemoteWebDriver.java:323)
at org.openqa.selenium.remote.RemoteWebDriver.findElementByXPath(RemoteWebDriver.java:428)
at org.openqa.selenium.By$ByXPath.findElement(By.java:353)
at org.openqa.selenium.remote.RemoteWebDriver.findElement(RemoteWebDriver.java:315)
at org.openqa.selenium.support.pagefactory.DefaultElementLocator.findElement(DefaultElementLocator.java:69)
at org.openqa.selenium.support.pagefactory.internal.LocatingElementHandler.invoke(LocatingElementHandler.java:38)
at com.sun.proxy.$Proxy12.getText(Unknown Source)
at StoreJava.productSelectPO.Senddata1(productSelectPO.java:285)
at Admin.Login.AdminLogin(Login.java:57)
at Admin.AdminLoginTest.AvactisAdminLogin(AdminLoginTest.java:26)
... Removed 25 stack frames]]>
    </failure>
  </testcase> <!-- AvactisAdminLogin -->
</testsuite> <!-- Test -->
